
**** Build of configuration Debug for project Aalto1 ****

"C:\\ti\\ccsv5\\utils\\bin\\gmake" -k all 
'Building file: ../main.c'
'Invoking: MSP430 Compiler'
"C:/ti/ccsv5/tools/compiler/msp430_4.1.2/bin/cl430" -vmspx --abi=eabi -g --include_path="C:/ti/ccsv5/ccs_base/msp430/include" --include_path="C:/ti/ccsv5/tools/compiler/msp430_4.1.2/include" --advice:power=all --define=__MSP430FR5739__ --diag_warning=225 --display_error_number --diag_wrap=off --silicon_errata=CPU21 --silicon_errata=CPU22 --silicon_errata=CPU40 --printf_support=minimal --preproc_with_compile --preproc_dependency="main.pp"  "../main.c"
"../main.c", line 97: remark #1540-D: (ULP 11.2) Assignment of higher bits (constants) to variable "PAOUT_L" within a loop. Recommend using lower 4 bits to allow use of constant generators
"../main.c", line 112: remark #1540-D: (ULP 11.2) Assignment of higher bits (constants) to variable "PAOUT_L" within a loop. Recommend using lower 4 bits to allow use of constant generators
"../main.c", line 151: remark #1540-D: (ULP 11.2) Assignment of higher bits (constants) to variable "PAOUT_L" within a loop. Recommend using lower 4 bits to allow use of constant generators
"../main.c", line 232: remark #1540-D: (ULP 11.2) Assignment of higher bits (constants) to variable "PBOUT_L" within a loop. Recommend using lower 4 bits to allow use of constant generators
"../main.c", line 246: remark #1540-D: (ULP 11.2) Assignment of higher bits (constants) to variable "PAOUT_H" within a loop. Recommend using lower 4 bits to allow use of constant generators
"../main.c", line 247: remark #1540-D: (ULP 11.2) Assignment of higher bits (constants) to variable "PAOUT_H" within a loop. Recommend using lower 4 bits to allow use of constant generators
"../main.c", line 255: remark #1540-D: (ULP 11.2) Assignment of higher bits (constants) to variable "PBOUT_L" within a loop. Recommend using lower 4 bits to allow use of constant generators
"../main.c", line 260: remark #1540-D: (ULP 11.2) Assignment of higher bits (constants) to variable "PBOUT_L" within a loop. Recommend using lower 4 bits to allow use of constant generators
"../main.c", line 271: remark #1540-D: (ULP 11.2) Assignment of higher bits (constants) to variable "PBOUT_L" within a loop. Recommend using lower 4 bits to allow use of constant generators
"../main.c", line 277: remark #1540-D: (ULP 11.2) Assignment of higher bits (constants) to variable "PBOUT_L" within a loop. Recommend using lower 4 bits to allow use of constant generators
"../main.c", line 108: remark #1544-D: (ULP 13.1) Detected loop counting up. Recommend loops count down as detecting zeros is easier
"../main.c", line 112: remark #1540-D: (ULP 11.2) Assignment of higher bits (constants) to variable "PAOUT_L" within a loop. Recommend using lower 4 bits to allow use of constant generators
"../main.c", line 113: remark #1527-D: (ULP 2.1) Detected SW delay loop using __delay_cycles. Recommend using a timer module instead
"../main.c", line 125: remark #1527-D: (ULP 2.1) Detected SW delay loop using __delay_cycles. Recommend using a timer module instead
"../main.c", line 135: remark #1527-D: (ULP 2.1) Detected SW delay loop using __delay_cycles. Recommend using a timer module instead
"../main.c", line 141: remark #1544-D: (ULP 13.1) Detected loop counting up. Recommend loops count down as detecting zeros is easier
"../main.c", line 151: remark #1540-D: (ULP 11.2) Assignment of higher bits (constants) to variable "PAOUT_L" within a loop. Recommend using lower 4 bits to allow use of constant generators
"../main.c", line 204: remark #1544-D: (ULP 13.1) Detected loop counting up. Recommend loops count down as detecting zeros is easier
"../main.c", line 204: remark #1543-D: (ULP 12.2) Detected for loop with repetitive data transfer. Recommend using DMA
"../main.c", line 287: remark #1530-D: (ULP 5.1) Detected divide operation(s). Recommend moving them to RAM during run time or not using as these are processing/power intensive
"../main.c", line 204: remark #1544-D: (ULP 13.1) Detected loop counting up. Recommend loops count down as detecting zeros is easier
"../main.c", line 204: remark #1543-D: (ULP 12.2) Detected for loop with repetitive data transfer. Recommend using DMA
"../main.c", line 44: remark #1535-D: (ULP 8.1) variable "reel_count" is used as a constant. Recommend declaring variable as either 'static const' or 'const'
'Finished building: ../main.c'
' '
'Building target: Aalto1.out'
'Invoking: MSP430 Linker'
"C:/ti/ccsv5/tools/compiler/msp430_4.1.2/bin/cl430" -vmspx --abi=eabi -g --advice:power=all --define=__MSP430FR5739__ --diag_warning=225 --display_error_number --diag_wrap=off --silicon_errata=CPU21 --silicon_errata=CPU22 --silicon_errata=CPU40 --printf_support=minimal -z --stack_size=160 -m"Aalto1.map" --heap_size=160 --use_hw_mpy=F5 -i"C:/ti/ccsv5/ccs_base/msp430/include" -i"C:/ti/ccsv5/tools/compiler/msp430_4.1.2/lib" -i"C:/ti/ccsv5/tools/compiler/msp430_4.1.2/include" --reread_libs --warn_sections --display_error_number --diag_wrap=off --rom_model -o "Aalto1.out"  "./util.obj" "./main.obj" -l"libc.a" "../lnk_msp430fr5739.cmd" 
<Linking>
remark #10372-D: (ULP 4.1) Detected uninitialized Port B in this project. Recommend initializing all unused ports to eliminate wasted current consumption on unused pins.
"../lnk_msp430fr5739.cmd", line 158: warning #10374-D: Interrupt vector "RTC" does not have an interrupt handler routine.
"../lnk_msp430fr5739.cmd", line 159: warning #10374-D: Interrupt vector "PORT4" does not have an interrupt handler routine.
"../lnk_msp430fr5739.cmd", line 160: warning #10374-D: Interrupt vector "PORT3" does not have an interrupt handler routine.
"../lnk_msp430fr5739.cmd", line 161: warning #10374-D: Interrupt vector "TIMER2_B1" does not have an interrupt handler routine.
"../lnk_msp430fr5739.cmd", line 162: warning #10374-D: Interrupt vector "TIMER2_B0" does not have an interrupt handler routine.
"../lnk_msp430fr5739.cmd", line 163: warning #10374-D: Interrupt vector "PORT2" does not have an interrupt handler routine.
"../lnk_msp430fr5739.cmd", line 164: warning #10374-D: Interrupt vector "TIMER1_B1" does not have an interrupt handler routine.
"../lnk_msp430fr5739.cmd", line 165: warning #10374-D: Interrupt vector "TIMER1_B0" does not have an interrupt handler routine.
"../lnk_msp430fr5739.cmd", line 166: warning #10374-D: Interrupt vector "PORT1" does not have an interrupt handler routine.
"../lnk_msp430fr5739.cmd", line 167: warning #10374-D: Interrupt vector "TIMER1_A1" does not have an interrupt handler routine.
"../lnk_msp430fr5739.cmd", line 168: warning #10374-D: Interrupt vector "TIMER1_A0" does not have an interrupt handler routine.
"../lnk_msp430fr5739.cmd", line 169: warning #10374-D: Interrupt vector "DMA" does not have an interrupt handler routine.
"../lnk_msp430fr5739.cmd", line 170: warning #10374-D: Interrupt vector "USCI_A1" does not have an interrupt handler routine.
"../lnk_msp430fr5739.cmd", line 171: warning #10374-D: Interrupt vector "TIMER0_A1" does not have an interrupt handler routine.
"../lnk_msp430fr5739.cmd", line 172: warning #10374-D: Interrupt vector "TIMER0_A0" does not have an interrupt handler routine.
"../lnk_msp430fr5739.cmd", line 175: warning #10374-D: Interrupt vector "USCI_A0" does not have an interrupt handler routine.
"../lnk_msp430fr5739.cmd", line 176: warning #10374-D: Interrupt vector "WDT" does not have an interrupt handler routine.
"../lnk_msp430fr5739.cmd", line 177: warning #10374-D: Interrupt vector "TIMER0_B1" does not have an interrupt handler routine.
"../lnk_msp430fr5739.cmd", line 178: warning #10374-D: Interrupt vector "TIMER0_B0" does not have an interrupt handler routine.
"../lnk_msp430fr5739.cmd", line 179: warning #10374-D: Interrupt vector "COMP_D" does not have an interrupt handler routine.
"../lnk_msp430fr5739.cmd", line 180: warning #10374-D: Interrupt vector "UNMI" does not have an interrupt handler routine.
"../lnk_msp430fr5739.cmd", line 181: warning #10374-D: Interrupt vector "SYSNMI" does not have an interrupt handler routine.
'Finished building target: Aalto1.out'
' '

**** Build Finished ****
